{
  "stats": {
    "suites": 1,
    "tests": 2,
    "passes": 1,
    "pending": 0,
    "failures": 1,
    "start": "2016-03-28T23:44:32.156Z",
    "end": "2016-03-28T23:44:38.204Z"
  },
  "coverage": {
    "total": {
      "statementsTotal": 94,
      "statementsCovered": 65,
      "percentage": 69.15
    },
    "files": [
      {
        "name": "date-range-picker/helpers/friendly-month",
        "statementsTotal": 7,
        "statementsCovered": 6,
        "percentage": 85.71
      },
      {
        "name": "date-range-picker/mixins/click-outside",
        "statementsTotal": 9,
        "statementsCovered": 8,
        "percentage": 88.89
      },
      {
        "name": "date-range-picker/mixins/picker",
        "statementsTotal": 13,
        "statementsCovered": 6,
        "percentage": 46.15
      },
      {
        "name": "date-range-picker/pods/calendar-display/component",
        "statementsTotal": 27,
        "statementsCovered": 21,
        "percentage": 77.78
      },
      {
        "name": "date-range-picker/pods/month-display/component",
        "statementsTotal": 8,
        "statementsCovered": 3,
        "percentage": 37.5
      },
      {
        "name": "date-range-picker/pods/year-display/component",
        "statementsTotal": 14,
        "statementsCovered": 5,
        "percentage": 35.71
      },
      {
        "name": "date-range-picker/pods/day-display/component",
        "statementsTotal": 16,
        "statementsCovered": 16,
        "percentage": 100
      }
    ]
  }
}