{
  "stats": {
    "suites": 32,
    "tests": 37,
    "passes": 37,
    "pending": 0,
    "failures": 0,
    "start": "2016-03-29T17:15:43.282Z",
    "end": "2016-03-29T17:15:46.036Z"
  },
  "coverage": {
    "total": {
      "statementsTotal": 190,
      "statementsCovered": 110,
      "percentage": 57.89
    },
    "files": [
      {
        "name": "date-range-picker/helpers/friendly-month",
        "statementsTotal": 7,
        "statementsCovered": 7,
        "percentage": 100
      },
      {
        "name": "date-range-picker/mixins/click-outside",
        "statementsTotal": 9,
        "statementsCovered": 9,
        "percentage": 100
      },
      {
        "name": "date-range-picker/mixins/picker",
        "statementsTotal": 13,
        "statementsCovered": 13,
        "percentage": 100
      },
      {
        "name": "date-range-picker/pods/calendar-display/component",
        "statementsTotal": 27,
        "statementsCovered": 20,
        "percentage": 74.07
      },
      {
        "name": "date-range-picker/pods/month-display/component",
        "statementsTotal": 11,
        "statementsCovered": 11,
        "percentage": 100
      },
      {
        "name": "date-range-picker/pods/year-display/component",
        "statementsTotal": 16,
        "statementsCovered": 5,
        "percentage": 31.25
      },
      {
        "name": "date-range-picker/pods/day-display/component",
        "statementsTotal": 16,
        "statementsCovered": 15,
        "percentage": 93.75
      },
      {
        "name": "date-range-picker/pods/date-range-picker/component",
        "statementsTotal": 45,
        "statementsCovered": 11,
        "percentage": 24.44
      },
      {
        "name": "date-range-picker/pods/presets-picker/component",
        "statementsTotal": 5,
        "statementsCovered": 3,
        "percentage": 60
      },
      {
        "name": "date-range-picker/pods/month-picker/component",
        "statementsTotal": 30,
        "statementsCovered": 11,
        "percentage": 36.67
      },
      {
        "name": "date-range-picker/pods/year-picker/component",
        "statementsTotal": 11,
        "statementsCovered": 5,
        "percentage": 45.45
      }
    ]
  }
}